INFO 2024-04-17 14:14:49,536 Auth info was exported to ./.tmp/auth_info.json api\debug\debug.cpp:17 Nelwhyeth Obrero@LAPTOP-9OOIGRQI
ERROR 2024-04-17 14:14:52,437 NE_RS_UNBLDRE: Unable to load application resource file /resources/favicon.ico api\debug\debug.cpp:20 Nelwhyeth Obrero@LAPTOP-9OOIGRQI
ERROR 2024-04-17 14:15:03,254 NE_RS_UNBLDRE: Unable to load application resource file /resources/path/to/your/css/swiper-bundle.min.css api\debug\debug.cpp:20 Nelwhyeth Obrero@LAPTOP-9OOIGRQI
ERROR 2024-04-17 14:15:03,957 NE_RS_UNBLDRE: Unable to load application resource file /resources/js/speechToText.js api\debug\debug.cpp:20 Nelwhyeth Obrero@LAPTOP-9OOIGRQI
INFO 2024-04-17 17:15:22,808 Auth info was exported to ./.tmp/auth_info.json api\debug\debug.cpp:17 Nelwhyeth Obrero@LAPTOP-9OOIGRQI
ERROR 2024-04-17 17:15:26,074 NE_RS_UNBLDRE: Unable to load application resource file /resources/favicon.ico api\debug\debug.cpp:20 Nelwhyeth Obrero@LAPTOP-9OOIGRQI
ERROR 2024-04-17 17:15:37,551 NE_RS_UNBLDRE: Unable to load application resource file /resources/js/speechToText.js api\debug\debug.cpp:20 Nelwhyeth Obrero@LAPTOP-9OOIGRQI
INFO 2024-04-17 17:16:45,159 Auth info was exported to ./.tmp/auth_info.json api\debug\debug.cpp:17 Nelwhyeth Obrero@LAPTOP-9OOIGRQI
ERROR 2024-04-17 17:16:48,081 NE_RS_UNBLDRE: Unable to load application resource file /resources/favicon.ico api\debug\debug.cpp:20 Nelwhyeth Obrero@LAPTOP-9OOIGRQI
ERROR 2024-04-17 17:16:59,528 NE_RS_UNBLDRE: Unable to load application resource file /resources/js/speechToText.js api\debug\debug.cpp:20 Nelwhyeth Obrero@LAPTOP-9OOIGRQI
INFO 2024-04-17 17:27:35,902 Auth info was exported to ./.tmp/auth_info.json api\debug\debug.cpp:17 Nelwhyeth Obrero@LAPTOP-9OOIGRQI
ERROR 2024-04-17 17:27:40,396 NE_RS_UNBLDRE: Unable to load application resource file /resources/favicon.ico api\debug\debug.cpp:20 Nelwhyeth Obrero@LAPTOP-9OOIGRQI
ERROR 2024-04-17 17:27:51,304 NE_RS_UNBLDRE: Unable to load application resource file /resources/js/speechToText.js api\debug\debug.cpp:20 Nelwhyeth Obrero@LAPTOP-9OOIGRQI
INFO 2024-04-17 17:34:08,783 Auth info was exported to ./.tmp/auth_info.json api\debug\debug.cpp:17 Nelwhyeth Obrero@LAPTOP-9OOIGRQI
ERROR 2024-04-17 17:34:11,335 NE_RS_UNBLDRE: Unable to load application resource file /resources/favicon.ico api\debug\debug.cpp:20 Nelwhyeth Obrero@LAPTOP-9OOIGRQI
ERROR 2024-04-17 17:34:22,818 NE_RS_UNBLDRE: Unable to load application resource file /resources/js/speechToText.js api\debug\debug.cpp:20 Nelwhyeth Obrero@LAPTOP-9OOIGRQI
INFO 2024-04-17 19:40:29,112 Auth info was exported to ./.tmp/auth_info.json api\debug\debug.cpp:17 Nelwhyeth Obrero@LAPTOP-9OOIGRQI
ERROR 2024-04-17 19:40:31,740 NE_RS_UNBLDRE: Unable to load application resource file /resources/favicon.ico api\debug\debug.cpp:20 Nelwhyeth Obrero@LAPTOP-9OOIGRQI
ERROR 2024-04-17 19:40:43,236 NE_RS_UNBLDRE: Unable to load application resource file /resources/js/speechToText.js api\debug\debug.cpp:20 Nelwhyeth Obrero@LAPTOP-9OOIGRQI
INFO 2024-04-17 20:47:21,303 Auth info was exported to ./.tmp/auth_info.json api\debug\debug.cpp:17 Nelwhyeth Obrero@LAPTOP-9OOIGRQI
ERROR 2024-04-17 20:47:23,871 NE_RS_UNBLDRE: Unable to load application resource file /resources/favicon.ico api\debug\debug.cpp:20 Nelwhyeth Obrero@LAPTOP-9OOIGRQI
ERROR 2024-04-17 20:47:35,432 NE_RS_UNBLDRE: Unable to load application resource file /resources/js/speechToText.js api\debug\debug.cpp:20 Nelwhyeth Obrero@LAPTOP-9OOIGRQI
INFO 2024-04-18 08:29:33,240 Auth info was exported to ./.tmp/auth_info.json api\debug\debug.cpp:17 Nelwhyeth Obrero@LAPTOP-9OOIGRQI
ERROR 2024-04-18 08:29:36,549 NE_RS_UNBLDRE: Unable to load application resource file /resources/favicon.ico api\debug\debug.cpp:20 Nelwhyeth Obrero@LAPTOP-9OOIGRQI
ERROR 2024-04-18 08:29:48,114 NE_RS_UNBLDRE: Unable to load application resource file /resources/js/speechToText.js api\debug\debug.cpp:20 Nelwhyeth Obrero@LAPTOP-9OOIGRQI
INFO 2024-04-18 08:39:07,276 Auth info was exported to ./.tmp/auth_info.json api\debug\debug.cpp:17 Nelwhyeth Obrero@LAPTOP-9OOIGRQI
ERROR 2024-04-18 08:39:09,978 NE_RS_UNBLDRE: Unable to load application resource file /resources/favicon.ico api\debug\debug.cpp:20 Nelwhyeth Obrero@LAPTOP-9OOIGRQI
ERROR 2024-04-18 08:39:21,609 NE_RS_UNBLDRE: Unable to load application resource file /resources/js/speechToText.js api\debug\debug.cpp:20 Nelwhyeth Obrero@LAPTOP-9OOIGRQI
INFO 2024-04-18 08:59:06,170 Auth info was exported to ./.tmp/auth_info.json api\debug\debug.cpp:17 Nelwhyeth Obrero@LAPTOP-9OOIGRQI
ERROR 2024-04-18 08:59:08,101 NE_RS_UNBLDRE: Unable to load application resource file /resources/favicon.ico api\debug\debug.cpp:20 Nelwhyeth Obrero@LAPTOP-9OOIGRQI
ERROR 2024-04-18 08:59:19,818 NE_RS_UNBLDRE: Unable to load application resource file /resources/js/speechToText.js api\debug\debug.cpp:20 Nelwhyeth Obrero@LAPTOP-9OOIGRQI
INFO 2024-04-18 09:08:04,559 Auth info was exported to ./.tmp/auth_info.json api\debug\debug.cpp:17 Nelwhyeth Obrero@LAPTOP-9OOIGRQI
ERROR 2024-04-18 09:08:06,097 NE_RS_UNBLDRE: Unable to load application resource file /resources/favicon.ico api\debug\debug.cpp:20 Nelwhyeth Obrero@LAPTOP-9OOIGRQI
ERROR 2024-04-18 09:08:17,708 NE_RS_UNBLDRE: Unable to load application resource file /resources/js/speechToText.js api\debug\debug.cpp:20 Nelwhyeth Obrero@LAPTOP-9OOIGRQI
INFO 2024-04-18 09:09:32,333 Reloading the application... api\debug\debug.cpp:17 Nelwhyeth Obrero@LAPTOP-9OOIGRQI
ERROR 2024-04-18 09:09:33,430 NE_RS_UNBLDRE: Unable to load application resource file /resources/js/speechToText.js api\debug\debug.cpp:20 Nelwhyeth Obrero@LAPTOP-9OOIGRQI
ERROR 2024-04-18 09:24:30,039 NE_RS_UNBLDRE: Unable to load application resource file /resources/js/speechToText.js api\debug\debug.cpp:20 Nelwhyeth Obrero@LAPTOP-9OOIGRQI
INFO 2024-04-18 09:29:21,012 Auth info was exported to ./.tmp/auth_info.json api\debug\debug.cpp:17 Nelwhyeth Obrero@LAPTOP-9OOIGRQI
ERROR 2024-04-18 09:29:22,526 NE_RS_UNBLDRE: Unable to load application resource file /resources/favicon.ico api\debug\debug.cpp:20 Nelwhyeth Obrero@LAPTOP-9OOIGRQI
ERROR 2024-04-18 09:29:34,069 NE_RS_UNBLDRE: Unable to load application resource file /resources/js/speechToText.js api\debug\debug.cpp:20 Nelwhyeth Obrero@LAPTOP-9OOIGRQI
INFO 2024-04-18 09:37:16,058 Auth info was exported to ./.tmp/auth_info.json api\debug\debug.cpp:17 Nelwhyeth Obrero@LAPTOP-9OOIGRQI
ERROR 2024-04-18 09:37:17,487 NE_RS_UNBLDRE: Unable to load application resource file /resources/favicon.ico api\debug\debug.cpp:20 Nelwhyeth Obrero@LAPTOP-9OOIGRQI
ERROR 2024-04-18 09:37:29,098 NE_RS_UNBLDRE: Unable to load application resource file /resources/js/speechToText.js api\debug\debug.cpp:20 Nelwhyeth Obrero@LAPTOP-9OOIGRQI
INFO 2024-04-18 10:10:45,119 Auth info was exported to ./.tmp/auth_info.json api\debug\debug.cpp:17 Nelwhyeth Obrero@LAPTOP-9OOIGRQI
ERROR 2024-04-18 10:10:47,071 NE_RS_UNBLDRE: Unable to load application resource file /resources/favicon.ico api\debug\debug.cpp:20 Nelwhyeth Obrero@LAPTOP-9OOIGRQI
ERROR 2024-04-18 10:10:58,589 NE_RS_UNBLDRE: Unable to load application resource file /resources/js/speechToText.js api\debug\debug.cpp:20 Nelwhyeth Obrero@LAPTOP-9OOIGRQI
INFO 2024-06-07 13:22:09,565 Auth info was exported to ./.tmp/auth_info.json api\debug\debug.cpp:17 Nelwhyeth Obrero@LAPTOP-9OOIGRQI
ERROR 2024-06-07 13:22:11,473 NE_RS_UNBLDRE: Unable to load application resource file /resources/favicon.ico api\debug\debug.cpp:20 Nelwhyeth Obrero@LAPTOP-9OOIGRQI
ERROR 2024-06-07 13:22:23,091 NE_RS_UNBLDRE: Unable to load application resource file /resources/js/speechToText.js api\debug\debug.cpp:20 Nelwhyeth Obrero@LAPTOP-9OOIGRQI
INFO 2025-03-11 09:50:42,906 Auth info was exported to ./.tmp/auth_info.json api\debug\debug.cpp:17 GIGABYTE@HELLO
ERROR 2025-03-11 09:50:44,885 NE_RS_UNBLDRE: Unable to load application resource file /resources/favicon.ico api\debug\debug.cpp:20 GIGABYTE@HELLO
ERROR 2025-03-11 09:50:56,707 NE_RS_UNBLDRE: Unable to load application resource file /resources/js/speechToText.js api\debug\debug.cpp:20 GIGABYTE@HELLO
INFO 2025-03-11 09:52:36,400 Auth info was exported to ./.tmp/auth_info.json api\debug\debug.cpp:17 GIGABYTE@HELLO
ERROR 2025-03-11 09:52:38,470 NE_RS_UNBLDRE: Unable to load application resource file /resources/favicon.ico api\debug\debug.cpp:20 GIGABYTE@HELLO
ERROR 2025-03-11 09:52:49,898 NE_RS_UNBLDRE: Unable to load application resource file /resources/js/speechToText.js api\debug\debug.cpp:20 GIGABYTE@HELLO
INFO 2025-03-11 09:55:23,178 Reloading the application... api\debug\debug.cpp:17 GIGABYTE@HELLO
ERROR 2025-03-11 09:55:24,197 NE_RS_UNBLDRE: Unable to load application resource file /resources/js/speechToText.js api\debug\debug.cpp:20 GIGABYTE@HELLO
INFO 2025-03-11 09:55:25,872 Reloading the application... api\debug\debug.cpp:17 GIGABYTE@HELLO
ERROR 2025-03-11 09:55:26,890 NE_RS_UNBLDRE: Unable to load application resource file /resources/js/speechToText.js api\debug\debug.cpp:20 GIGABYTE@HELLO
INFO 2025-03-11 09:57:59,075 Auth info was exported to ./.tmp/auth_info.json api\debug\debug.cpp:17 GIGABYTE@HELLO
ERROR 2025-03-11 09:58:00,984 NE_RS_UNBLDRE: Unable to load application resource file /resources/favicon.ico api\debug\debug.cpp:20 GIGABYTE@HELLO
ERROR 2025-03-11 09:58:12,535 NE_RS_UNBLDRE: Unable to load application resource file /resources/js/speechToText.js api\debug\debug.cpp:20 GIGABYTE@HELLO
INFO 2025-03-11 09:58:33,948 Reloading the application... api\debug\debug.cpp:17 GIGABYTE@HELLO
ERROR 2025-03-11 09:58:34,956 NE_RS_UNBLDRE: Unable to load application resource file /resources/js/speechToText.js api\debug\debug.cpp:20 GIGABYTE@HELLO
INFO 2025-03-11 09:58:52,411 Reloading the application... api\debug\debug.cpp:17 GIGABYTE@HELLO
ERROR 2025-03-11 09:58:53,464 NE_RS_UNBLDRE: Unable to load application resource file /resources/js/speechToText.js api\debug\debug.cpp:20 GIGABYTE@HELLO
INFO 2025-03-11 09:58:57,186 Reloading the application... api\debug\debug.cpp:17 GIGABYTE@HELLO
ERROR 2025-03-11 09:58:58,224 NE_RS_UNBLDRE: Unable to load application resource file /resources/js/speechToText.js api\debug\debug.cpp:20 GIGABYTE@HELLO
INFO 2025-03-11 09:59:24,391 Auth info was exported to ./.tmp/auth_info.json api\debug\debug.cpp:17 GIGABYTE@HELLO
ERROR 2025-03-11 09:59:26,294 NE_RS_UNBLDRE: Unable to load application resource file /resources/favicon.ico api\debug\debug.cpp:20 GIGABYTE@HELLO
ERROR 2025-03-11 09:59:37,875 NE_RS_UNBLDRE: Unable to load application resource file /resources/js/speechToText.js api\debug\debug.cpp:20 GIGABYTE@HELLO
INFO 2025-03-11 09:59:55,610 Reloading the application... api\debug\debug.cpp:17 GIGABYTE@HELLO
ERROR 2025-03-11 09:59:56,889 NE_RS_UNBLDRE: Unable to load application resource file /resources/js/speechToText.js api\debug\debug.cpp:20 GIGABYTE@HELLO
INFO 2025-03-11 10:03:18,514 Reloading the application... api\debug\debug.cpp:17 GIGABYTE@HELLO
ERROR 2025-03-11 10:03:19,471 NE_RS_UNBLDRE: Unable to load application resource file /resources/js/speechToText.js api\debug\debug.cpp:20 GIGABYTE@HELLO
INFO 2025-03-11 10:03:57,435 Reloading the application... api\debug\debug.cpp:17 GIGABYTE@HELLO
ERROR 2025-03-11 10:03:59,019 NE_RS_UNBLDRE: Unable to load application resource file /resources/js/speechToText.js api\debug\debug.cpp:20 GIGABYTE@HELLO
INFO 2025-03-11 10:04:02,603 Reloading the application... api\debug\debug.cpp:17 GIGABYTE@HELLO
ERROR 2025-03-11 10:04:04,187 NE_RS_UNBLDRE: Unable to load application resource file /resources/js/speechToText.js api\debug\debug.cpp:20 GIGABYTE@HELLO
INFO 2025-03-11 10:05:46,545 Reloading the application... api\debug\debug.cpp:17 GIGABYTE@HELLO
ERROR 2025-03-11 10:05:48,162 NE_RS_UNBLDRE: Unable to load application resource file /resources/js/speechToText.js api\debug\debug.cpp:20 GIGABYTE@HELLO
INFO 2025-03-11 10:11:47,905 Auth info was exported to ./.tmp/auth_info.json api\debug\debug.cpp:17 GIGABYTE@HELLO
ERROR 2025-03-11 10:11:50,068 NE_RS_UNBLDRE: Unable to load application resource file /resources/favicon.ico api\debug\debug.cpp:20 GIGABYTE@HELLO
ERROR 2025-03-11 10:12:01,515 NE_RS_UNBLDRE: Unable to load application resource file /resources/js/speechToText.js api\debug\debug.cpp:20 GIGABYTE@HELLO
INFO 2025-03-11 10:34:55,202 Auth info was exported to ./.tmp/auth_info.json api\debug\debug.cpp:17 GIGABYTE@HELLO
ERROR 2025-03-11 10:34:56,965 NE_RS_UNBLDRE: Unable to load application resource file /resources/favicon.ico api\debug\debug.cpp:20 GIGABYTE@HELLO
ERROR 2025-03-11 10:35:08,517 NE_RS_UNBLDRE: Unable to load application resource file /resources/js/speechToText.js api\debug\debug.cpp:20 GIGABYTE@HELLO
INFO 2025-03-14 10:34:58,589 Auth info was exported to ./.tmp/auth_info.json api\debug\debug.cpp:17 GIGABYTE@HELLO
ERROR 2025-03-14 10:35:01,327 NE_RS_UNBLDRE: Unable to load application resource file /resources/favicon.ico api\debug\debug.cpp:20 GIGABYTE@HELLO
ERROR 2025-03-14 10:35:12,827 NE_RS_UNBLDRE: Unable to load application resource file /resources/js/speechToText.js api\debug\debug.cpp:20 GIGABYTE@HELLO
INFO 2025-03-14 10:37:07,705 Auth info was exported to ./.tmp/auth_info.json api\debug\debug.cpp:17 GIGABYTE@HELLO
ERROR 2025-03-14 10:37:09,601 NE_RS_UNBLDRE: Unable to load application resource file /resources/favicon.ico api\debug\debug.cpp:20 GIGABYTE@HELLO
ERROR 2025-03-14 10:37:21,154 NE_RS_UNBLDRE: Unable to load application resource file /resources/js/speechToText.js api\debug\debug.cpp:20 GIGABYTE@HELLO

INFO 2025-04-08 11:30:56,819 Auth info was exported to ./.tmp/auth_info.json api\debug\debug.cpp:17 Anton@MSI
ERROR 2025-04-08 11:30:58,560 NE_RS_UNBLDRE: Unable to load application resource file /resources/favicon.ico api\debug\debug.cpp:20 Anton@MSI
ERROR 2025-04-08 11:31:10,149 NE_RS_UNBLDRE: Unable to load application resource file /resources/js/speechToText.js api\debug\debug.cpp:20 Anton@MSI
INFO 2025-04-08 11:32:52,671 Auth info was exported to ./.tmp/auth_info.json api\debug\debug.cpp:17 Anton@MSI
ERROR 2025-04-08 11:32:54,302 NE_RS_UNBLDRE: Unable to load application resource file /resources/favicon.ico api\debug\debug.cpp:20 Anton@MSI
ERROR 2025-04-08 11:33:05,887 NE_RS_UNBLDRE: Unable to load application resource file /resources/js/speechToText.js api\debug\debug.cpp:20 Anton@MSI
INFO 2025-04-08 11:35:53,410 Auth info was exported to ./.tmp/auth_info.json api\debug\debug.cpp:17 Anton@MSI
ERROR 2025-04-08 11:35:55,181 NE_RS_UNBLDRE: Unable to load application resource file /resources/favicon.ico api\debug\debug.cpp:20 Anton@MSI
ERROR 2025-04-08 11:36:06,737 NE_RS_UNBLDRE: Unable to load application resource file /resources/js/speechToText.js api\debug\debug.cpp:20 Anton@MSI
INFO 2025-04-08 11:45:25,564 Auth info was exported to ./.tmp/auth_info.json api\debug\debug.cpp:17 Anton@MSI
ERROR 2025-04-08 11:45:27,421 NE_RS_UNBLDRE: Unable to load application resource file /resources/favicon.ico api\debug\debug.cpp:20 Anton@MSI
ERROR 2025-04-08 11:45:39,017 NE_RS_UNBLDRE: Unable to load application resource file /resources/js/speechToText.js api\debug\debug.cpp:20 Anton@MSI
INFO 2025-04-22 09:12:05,247 Auth info was exported to ./.tmp/auth_info.json api\debug\debug.cpp:17 Anton@MSI
ERROR 2025-04-22 09:12:07,368 NE_RS_UNBLDRE: Unable to load application resource file /resources/favicon.ico api\debug\debug.cpp:20 Anton@MSI
ERROR 2025-04-22 09:12:18,948 NE_RS_UNBLDRE: Unable to load application resource file /resources/js/speechToText.js api\debug\debug.cpp:20 Anton@MSI
INFO 2025-04-22 11:01:19,957 Auth info was exported to ./.tmp/auth_info.json api\debug\debug.cpp:17 Anton@MSI
ERROR 2025-04-22 11:01:21,764 NE_RS_UNBLDRE: Unable to load application resource file /resources/favicon.ico api\debug\debug.cpp:20 Anton@MSI
INFO 2025-04-22 11:01:55,536 Reloading the application... api\debug\debug.cpp:17 Anton@MSI
INFO 2025-04-22 11:01:55,569 Reloading the application... api\debug\debug.cpp:17 Anton@MSI
INFO 2025-04-22 11:01:55,586 Reloading the application... api\debug\debug.cpp:17 Anton@MSI
INFO 2025-04-22 11:01:55,830 Reloading the application... api\debug\debug.cpp:17 Anton@MSI
ERROR 2025-04-22 11:01:56,500 NE_RS_UNBLDRE: Unable to load application resource file /resources/js/speechToText.js api\debug\debug.cpp:20 Anton@MSI
INFO 2025-04-22 11:11:14,282 Reloading the application... api\debug\debug.cpp:17 Anton@MSI
INFO 2025-04-22 11:11:14,299 Reloading the application... api\debug\debug.cpp:17 Anton@MSI
ERROR 2025-04-22 11:11:15,234 NE_RS_UNBLDRE: Unable to load application resource file /resources/js/speechToText.js api\debug\debug.cpp:20 Anton@MSI
INFO 2025-04-22 11:13:41,642 Auth info was exported to ./.tmp/auth_info.json api\debug\debug.cpp:17 Anton@MSI
ERROR 2025-04-22 11:13:43,371 NE_RS_UNBLDRE: Unable to load application resource file /resources/favicon.ico api\debug\debug.cpp:20 Anton@MSI
ERROR 2025-04-22 11:13:54,977 NE_RS_UNBLDRE: Unable to load application resource file /resources/js/speechToText.js api\debug\debug.cpp:20 Anton@MSI
ERROR 2025-04-22 11:13:55,656 NE_RS_UNBLDRE: Unable to load application resource file /resources/img/Microphone.png api\debug\debug.cpp:20 Anton@MSI
INFO 2025-04-22 11:15:09,028 Reloading the application... api\debug\debug.cpp:17 Anton@MSI
ERROR 2025-04-22 11:15:09,985 NE_RS_UNBLDRE: Unable to load application resource file /resources/js/speechToText.js api\debug\debug.cpp:20 Anton@MSI
INFO 2025-04-22 11:15:27,209 Reloading the application... api\debug\debug.cpp:17 Anton@MSI
ERROR 2025-04-22 11:15:28,228 NE_RS_UNBLDRE: Unable to load application resource file /resources/js/speechToText.js api\debug\debug.cpp:20 Anton@MSI
INFO 2025-04-22 11:15:42,480 Reloading the application... api\debug\debug.cpp:17 Anton@MSI
ERROR 2025-04-22 11:15:43,450 NE_RS_UNBLDRE: Unable to load application resource file /resources/js/speechToText.js api\debug\debug.cpp:20 Anton@MSI
INFO 2025-04-22 11:15:55,440 Reloading the application... api\debug\debug.cpp:17 Anton@MSI
ERROR 2025-04-22 11:15:56,405 NE_RS_UNBLDRE: Unable to load application resource file /resources/js/speechToText.js api\debug\debug.cpp:20 Anton@MSI
INFO 2025-04-22 11:17:04,383 Reloading the application... api\debug\debug.cpp:17 Anton@MSI
ERROR 2025-04-22 11:17:05,355 NE_RS_UNBLDRE: Unable to load application resource file /resources/js/speechToText.js api\debug\debug.cpp:20 Anton@MSI
INFO 2025-04-22 11:17:20,595 Reloading the application... api\debug\debug.cpp:17 Anton@MSI
ERROR 2025-04-22 11:17:21,551 NE_RS_UNBLDRE: Unable to load application resource file /resources/js/speechToText.js api\debug\debug.cpp:20 Anton@MSI
INFO 2025-04-22 11:17:23,377 Reloading the application... api\debug\debug.cpp:17 Anton@MSI
ERROR 2025-04-22 11:17:24,363 NE_RS_UNBLDRE: Unable to load application resource file /resources/js/speechToText.js api\debug\debug.cpp:20 Anton@MSI
INFO 2025-04-22 11:17:26,044 Reloading the application... api\debug\debug.cpp:17 Anton@MSI
ERROR 2025-04-22 11:17:27,002 NE_RS_UNBLDRE: Unable to load application resource file /resources/js/speechToText.js api\debug\debug.cpp:20 Anton@MSI
INFO 2025-04-22 11:17:46,189 Reloading the application... api\debug\debug.cpp:17 Anton@MSI
ERROR 2025-04-22 11:17:47,140 NE_RS_UNBLDRE: Unable to load application resource file /resources/js/speechToText.js api\debug\debug.cpp:20 Anton@MSI
INFO 2025-04-22 11:18:32,204 Reloading the application... api\debug\debug.cpp:17 Anton@MSI
ERROR 2025-04-22 11:18:33,192 NE_RS_UNBLDRE: Unable to load application resource file /resources/js/speechToText.js api\debug\debug.cpp:20 Anton@MSI
INFO 2025-04-22 11:18:45,376 Reloading the application... api\debug\debug.cpp:17 Anton@MSI
ERROR 2025-04-22 11:18:46,343 NE_RS_UNBLDRE: Unable to load application resource file /resources/js/speechToText.js api\debug\debug.cpp:20 Anton@MSI
INFO 2025-04-22 11:19:46,018 Reloading the application... api\debug\debug.cpp:17 Anton@MSI
ERROR 2025-04-22 11:19:46,668 NE_RS_UNBLDRE: Unable to load application resource file /resources/js/speechToText.js api\debug\debug.cpp:20 Anton@MSI
INFO 2025-04-22 11:20:17,891 Auth info was exported to ./.tmp/auth_info.json api\debug\debug.cpp:17 Anton@MSI
ERROR 2025-04-22 11:20:19,670 NE_RS_UNBLDRE: Unable to load application resource file /resources/favicon.ico api\debug\debug.cpp:20 Anton@MSI
ERROR 2025-04-22 11:20:31,194 NE_RS_UNBLDRE: Unable to load application resource file /resources/js/speechToText.js api\debug\debug.cpp:20 Anton@MSI
INFO 2025-04-22 11:20:37,230 Reloading the application... api\debug\debug.cpp:17 Anton@MSI
ERROR 2025-04-22 11:20:38,226 NE_RS_UNBLDRE: Unable to load application resource file /resources/js/speechToText.js api\debug\debug.cpp:20 Anton@MSI
INFO 2025-04-22 11:20:38,682 Reloading the application... api\debug\debug.cpp:17 Anton@MSI
ERROR 2025-04-22 11:20:39,546 NE_RS_UNBLDRE: Unable to load application resource file /resources/js/speechToText.js api\debug\debug.cpp:20 Anton@MSI
INFO 2025-04-22 11:20:56,870 Reloading the application... api\debug\debug.cpp:17 Anton@MSI
ERROR 2025-04-22 11:20:57,822 NE_RS_UNBLDRE: Unable to load application resource file /resources/js/speechToText.js api\debug\debug.cpp:20 Anton@MSI
INFO 2025-04-22 11:20:58,418 Reloading the application... api\debug\debug.cpp:17 Anton@MSI
ERROR 2025-04-22 11:20:59,102 NE_RS_UNBLDRE: Unable to load application resource file /resources/js/speechToText.js api\debug\debug.cpp:20 Anton@MSI
INFO 2025-04-22 11:21:00,014 Reloading the application... api\debug\debug.cpp:17 Anton@MSI
ERROR 2025-04-22 11:21:00,694 NE_RS_UNBLDRE: Unable to load application resource file /resources/js/speechToText.js api\debug\debug.cpp:20 Anton@MSI
INFO 2025-04-22 11:21:33,882 Reloading the application... api\debug\debug.cpp:17 Anton@MSI
ERROR 2025-04-22 11:21:34,834 NE_RS_UNBLDRE: Unable to load application resource file /resources/js/speechToText.js api\debug\debug.cpp:20 Anton@MSI
INFO 2025-04-22 11:23:20,946 Auth info was exported to ./.tmp/auth_info.json api\debug\debug.cpp:17 Anton@MSI
